<?xml version="1.0" encoding="UTF-8"?>
<testng-results skipped="0" failed="1" total="3" passed="2">
  <reporter-output>
  </reporter-output>
  <suite name="Dome-Flipper" duration-ms="53522" started-at="2023-07-03T21:01:28Z" finished-at="2023-07-03T21:02:21Z">
    <groups>
    </groups>
    <test name="Dome-Flipper SubmitAPropertyProposal" duration-ms="53522" started-at="2023-07-03T21:01:28Z" finished-at="2023-07-03T21:02:21Z">
      <class name="com.Dome.TestCases.tc_002_SubmitAPropertyProposal">
        <test-method status="PASS" signature="startReporting()[pri:0, instance:com.Dome.TestCases.tc_002_SubmitAPropertyProposal@58ceff1]" name="startReporting" is-config="true" duration-ms="360" started-at="2023-07-04T02:31:28Z" finished-at="2023-07-04T02:31:28Z">
          <reporter-output>
          </reporter-output>
        </test-method> <!-- startReporting -->
        <test-method status="PASS" signature="setup(java.lang.String)[pri:0, instance:com.Dome.TestCases.tc_002_SubmitAPropertyProposal@58ceff1]" name="setup" is-config="true" duration-ms="2695" started-at="2023-07-04T02:31:28Z" finished-at="2023-07-04T02:31:31Z">
          <params>
            <param index="0">
              <value>
                <![CDATA[chrome]]>
              </value>
            </param>
          </params>
          <reporter-output>
          </reporter-output>
        </test-method> <!-- setup -->
        <test-method status="PASS" signature="flipperLogin()[pri:1, instance:com.Dome.TestCases.tc_002_SubmitAPropertyProposal@58ceff1]" name="flipperLogin" duration-ms="13503" started-at="2023-07-04T02:31:31Z" finished-at="2023-07-04T02:31:44Z">
          <reporter-output>
          </reporter-output>
        </test-method> <!-- flipperLogin -->
        <test-method status="PASS" signature="getResult(org.testng.ITestResult)[pri:0, instance:com.Dome.TestCases.tc_002_SubmitAPropertyProposal@58ceff1]" name="getResult" is-config="true" duration-ms="0" started-at="2023-07-04T02:31:44Z" finished-at="2023-07-04T02:31:44Z">
          <params>
            <param index="0">
              <value>
                <![CDATA[[TestResult name=flipperLogin status=SUCCESS method=tc_002_SubmitAPropertyProposal.flipperLogin()[pri:1, instance:com.Dome.TestCases.tc_002_SubmitAPropertyProposal@58ceff1] output={null}]]]>
              </value>
            </param>
          </params>
          <reporter-output>
          </reporter-output>
        </test-method> <!-- getResult -->
        <test-method status="PASS" signature="enterPropertyDetails(java.lang.String, java.lang.String, java.lang.String, java.lang.String, java.lang.String, java.lang.String, java.lang.String, java.lang.String, java.lang.String, java.lang.String, java.lang.String, java.lang.String, java.lang.String, java.lang.String, java.lang.String, java.lang.String, java.lang.String, java.lang.String, java.lang.String, java.lang.String, java.lang.String, java.lang.String, java.lang.String, java.lang.String, java.lang.String, java.lang.String, java.lang.String, java.lang.String, java.lang.String, java.lang.String, java.lang.String)[pri:2, instance:com.Dome.TestCases.tc_002_SubmitAPropertyProposal@58ceff1]" name="enterPropertyDetails" duration-ms="15373" started-at="2023-07-04T02:31:45Z" data-provider="data" finished-at="2023-07-04T02:32:01Z">
          <params>
            <param index="0">
              <value>
                <![CDATA[Test1]]>
              </value>
            </param>
            <param index="1">
              <value>
                <![CDATA[Development]]>
              </value>
            </param>
            <param index="2">
              <value>
                <![CDATA[Commercial]]>
              </value>
            </param>
            <param index="3">
              <value>
                <![CDATA[yes]]>
              </value>
            </param>
            <param index="4">
              <value>
                <![CDATA[Multi-family Home]]>
              </value>
            </param>
            <param index="5">
              <value>
                <![CDATA[Fenced Property,Garage,Backyard]]>
              </value>
            </param>
            <param index="6">
              <value>
                <![CDATA[al1]]>
              </value>
            </param>
            <param index="7">
              <value>
                <![CDATA[al2]]>
              </value>
            </param>
            <param index="8">
              <value>
                <![CDATA[city]]>
              </value>
            </param>
            <param index="9">
              <value>
                <![CDATA[state]]>
              </value>
            </param>
            <param index="10">
              <value>
                <![CDATA[01234]]>
              </value>
            </param>
            <param index="11">
              <value>
                <![CDATA[5]]>
              </value>
            </param>
            <param index="12">
              <value>
                <![CDATA[5]]>
              </value>
            </param>
            <param index="13">
              <value>
                <![CDATA[200]]>
              </value>
            </param>
            <param index="14">
              <value>
                <![CDATA[100]]>
              </value>
            </param>
            <param index="15">
              <value>
                <![CDATA[Sample desription]]>
              </value>
            </param>
            <param index="16">
              <value>
                <![CDATA[]]>
              </value>
            </param>
            <param index="17">
              <value>
                <![CDATA[100000]]>
              </value>
            </param>
            <param index="18">
              <value>
                <![CDATA[10/July/2023]]>
              </value>
            </param>
            <param index="19">
              <value>
                <![CDATA[50000]]>
              </value>
            </param>
            <param index="20">
              <value>
                <![CDATA[2 months]]>
              </value>
            </param>
            <param index="21">
              <value>
                <![CDATA[500]]>
              </value>
            </param>
            <param index="22">
              <value>
                <![CDATA[450]]>
              </value>
            </param>
            <param index="23">
              <value>
                <![CDATA[200]]>
              </value>
            </param>
            <param index="24">
              <value>
                <![CDATA[150]]>
              </value>
            </param>
            <param index="25">
              <value>
                <![CDATA[600]]>
              </value>
            </param>
            <param index="26">
              <value>
                <![CDATA[]]>
              </value>
            </param>
            <param index="27">
              <value>
                <![CDATA[10000]]>
              </value>
            </param>
            <param index="28">
              <value>
                <![CDATA[180000]]>
              </value>
            </param>
            <param index="29">
              <value>
                <![CDATA[10/August/2023]]>
              </value>
            </param>
            <param index="30">
              <value>
                <![CDATA[4 months]]>
              </value>
            </param>
          </params>
          <reporter-output>
          </reporter-output>
        </test-method> <!-- enterPropertyDetails -->
        <test-method status="PASS" signature="getResult(org.testng.ITestResult)[pri:0, instance:com.Dome.TestCases.tc_002_SubmitAPropertyProposal@58ceff1]" name="getResult" is-config="true" duration-ms="1" started-at="2023-07-04T02:32:01Z" finished-at="2023-07-04T02:32:01Z">
          <params>
            <param index="0">
              <value>
                <![CDATA[[TestResult name=enterPropertyDetails status=SUCCESS method=tc_002_SubmitAPropertyProposal.enterPropertyDetails(java.lang.String, java.lang.String, java.lang.String, java.lang.String, java.lang.String, java.lang.String, java.lang.String, java.lang.String, java.lang.String, java.lang.String, java.lang.String, java.lang.String, java.lang.String, java.lang.String, java.lang.String, java.lang.String, java.lang.String, java.lang.String, java.lang.String, java.lang.String, java.lang.String, java.lang.String, java.lang.String, java.lang.String, java.lang.String, java.lang.String, java.lang.String, java.lang.String, java.lang.String, java.lang.String, java.lang.String)[pri:2, instance:com.Dome.TestCases.tc_002_SubmitAPropertyProposal@58ceff1] output={null}]]]>
              </value>
            </param>
          </params>
          <reporter-output>
          </reporter-output>
        </test-method> <!-- getResult -->
        <test-method status="FAIL" signature="enterPropertyDetails(java.lang.String, java.lang.String, java.lang.String, java.lang.String, java.lang.String, java.lang.String, java.lang.String, java.lang.String, java.lang.String, java.lang.String, java.lang.String, java.lang.String, java.lang.String, java.lang.String, java.lang.String, java.lang.String, java.lang.String, java.lang.String, java.lang.String, java.lang.String, java.lang.String, java.lang.String, java.lang.String, java.lang.String, java.lang.String, java.lang.String, java.lang.String, java.lang.String, java.lang.String, java.lang.String, java.lang.String)[pri:2, instance:com.Dome.TestCases.tc_002_SubmitAPropertyProposal@58ceff1]" name="enterPropertyDetails" duration-ms="19740" started-at="2023-07-04T02:32:01Z" data-provider="data" finished-at="2023-07-04T02:32:20Z">
          <params>
            <param index="0">
              <value>
                <![CDATA[Test2]]>
              </value>
            </param>
            <param index="1">
              <value>
                <![CDATA[Flip]]>
              </value>
            </param>
            <param index="2">
              <value>
                <![CDATA[Residential]]>
              </value>
            </param>
            <param index="3">
              <value>
                <![CDATA[no]]>
              </value>
            </param>
            <param index="4">
              <value>
                <![CDATA[Condo]]>
              </value>
            </param>
            <param index="5">
              <value>
                <![CDATA[Fenced Property,Garage,Balcony]]>
              </value>
            </param>
            <param index="6">
              <value>
                <![CDATA[]]>
              </value>
            </param>
            <param index="7">
              <value>
                <![CDATA[]]>
              </value>
            </param>
            <param index="8">
              <value>
                <![CDATA[]]>
              </value>
            </param>
            <param index="9">
              <value>
                <![CDATA[]]>
              </value>
            </param>
            <param index="10">
              <value>
                <![CDATA[]]>
              </value>
            </param>
            <param index="11">
              <value>
                <![CDATA[]]>
              </value>
            </param>
            <param index="12">
              <value>
                <![CDATA[]]>
              </value>
            </param>
            <param index="13">
              <value>
                <![CDATA[]]>
              </value>
            </param>
            <param index="14">
              <value>
                <![CDATA[]]>
              </value>
            </param>
            <param index="15">
              <value>
                <![CDATA[]]>
              </value>
            </param>
            <param index="16">
              <value>
                <![CDATA[]]>
              </value>
            </param>
            <param index="17">
              <value>
                <![CDATA[]]>
              </value>
            </param>
            <param index="18">
              <value>
                <![CDATA[]]>
              </value>
            </param>
            <param index="19">
              <value>
                <![CDATA[]]>
              </value>
            </param>
            <param index="20">
              <value>
                <![CDATA[]]>
              </value>
            </param>
            <param index="21">
              <value>
                <![CDATA[]]>
              </value>
            </param>
            <param index="22">
              <value>
                <![CDATA[]]>
              </value>
            </param>
            <param index="23">
              <value>
                <![CDATA[]]>
              </value>
            </param>
            <param index="24">
              <value>
                <![CDATA[]]>
              </value>
            </param>
            <param index="25">
              <value>
                <![CDATA[]]>
              </value>
            </param>
            <param index="26">
              <value>
                <![CDATA[]]>
              </value>
            </param>
            <param index="27">
              <value>
                <![CDATA[]]>
              </value>
            </param>
            <param index="28">
              <value>
                <![CDATA[]]>
              </value>
            </param>
            <param index="29">
              <value>
                <![CDATA[]]>
              </value>
            </param>
            <param index="30">
              <value>
                <![CDATA[]]>
              </value>
            </param>
          </params>
          <exception class="org.openqa.selenium.NoSuchElementException">
            <message>
              <![CDATA[no such element: Unable to locate element: {"method":"xpath","selector":"/html[1]/body[1]/div[1]/div[1]/div[1]/div[1]/div[1]/div[1]/section[3]/div[1]/div[1]/div[1]/div[1]/div[2]/div[1]/input[1]"}
  (Session info: chrome=114.0.5735.199)
For documentation on this error, please visit: https://www.seleniumhq.org/exceptions/no_such_element.html
Build info: version: '4.0.0-alpha-1', revision: 'd1d3728cae', time: '2019-04-24T13:42:21'
System info: host: 'DESKTOP-N75U7ON', ip: '172.26.96.1', os.name: 'Windows 10', os.arch: 'amd64', os.version: '10.0', java.version: '1.8.0_291'
Driver info: org.openqa.selenium.chrome.ChromeDriver
Capabilities {acceptInsecureCerts: false, browserName: chrome, browserVersion: 114.0.5735.199, chrome: {chromedriverVersion: 114.0.5735.90 (386bc09e8f4f..., userDataDir: C:\Users\itsre\AppData\Loca...}, goog:chromeOptions: {debuggerAddress: localhost:55876}, javascriptEnabled: true, networkConnectionEnabled: false, pageLoadStrategy: normal, platform: WINDOWS, platformName: WINDOWS, proxy: Proxy(), setWindowRect: true, strictFileInteractability: false, timeouts: {implicit: 0, pageLoad: 300000, script: 30000}, unhandledPromptBehavior: dismiss and notify, webauthn:extension:credBlob: true, webauthn:extension:largeBlob: true, webauthn:extension:minPinLength: true, webauthn:extension:prf: true, webauthn:virtualAuthenticators: true}
Session ID: 45245657c92194fe0b65a32d57e58774
*** Element info: {Using=xpath, value=/html[1]/body[1]/div[1]/div[1]/div[1]/div[1]/div[1]/div[1]/section[3]/div[1]/div[1]/div[1]/div[1]/div[2]/div[1]/input[1]}]]>
            </message>
            <full-stacktrace>
              <![CDATA[org.openqa.selenium.NoSuchElementException: no such element: Unable to locate element: {"method":"xpath","selector":"/html[1]/body[1]/div[1]/div[1]/div[1]/div[1]/div[1]/div[1]/section[3]/div[1]/div[1]/div[1]/div[1]/div[2]/div[1]/input[1]"}
  (Session info: chrome=114.0.5735.199)
For documentation on this error, please visit: https://www.seleniumhq.org/exceptions/no_such_element.html
Build info: version: '4.0.0-alpha-1', revision: 'd1d3728cae', time: '2019-04-24T13:42:21'
System info: host: 'DESKTOP-N75U7ON', ip: '172.26.96.1', os.name: 'Windows 10', os.arch: 'amd64', os.version: '10.0', java.version: '1.8.0_291'
Driver info: org.openqa.selenium.chrome.ChromeDriver
Capabilities {acceptInsecureCerts: false, browserName: chrome, browserVersion: 114.0.5735.199, chrome: {chromedriverVersion: 114.0.5735.90 (386bc09e8f4f..., userDataDir: C:\Users\itsre\AppData\Loca...}, goog:chromeOptions: {debuggerAddress: localhost:55876}, javascriptEnabled: true, networkConnectionEnabled: false, pageLoadStrategy: normal, platform: WINDOWS, platformName: WINDOWS, proxy: Proxy(), setWindowRect: true, strictFileInteractability: false, timeouts: {implicit: 0, pageLoad: 300000, script: 30000}, unhandledPromptBehavior: dismiss and notify, webauthn:extension:credBlob: true, webauthn:extension:largeBlob: true, webauthn:extension:minPinLength: true, webauthn:extension:prf: true, webauthn:virtualAuthenticators: true}
Session ID: 45245657c92194fe0b65a32d57e58774
*** Element info: {Using=xpath, value=/html[1]/body[1]/div[1]/div[1]/div[1]/div[1]/div[1]/div[1]/section[3]/div[1]/div[1]/div[1]/div[1]/div[2]/div[1]/input[1]}
	at sun.reflect.NativeConstructorAccessorImpl.newInstance0(Native Method)
	at sun.reflect.NativeConstructorAccessorImpl.newInstance(Unknown Source)
	at sun.reflect.DelegatingConstructorAccessorImpl.newInstance(Unknown Source)
	at java.lang.reflect.Constructor.newInstance(Unknown Source)
	at org.openqa.selenium.remote.codec.w3c.W3CHttpResponseCodec.createException(W3CHttpResponseCodec.java:190)
	at org.openqa.selenium.remote.codec.w3c.W3CHttpResponseCodec.decode(W3CHttpResponseCodec.java:124)
	at org.openqa.selenium.remote.codec.w3c.W3CHttpResponseCodec.decode(W3CHttpResponseCodec.java:51)
	at org.openqa.selenium.remote.HttpCommandExecutor.execute(HttpCommandExecutor.java:161)
	at org.openqa.selenium.remote.service.DriverCommandExecutor.execute(DriverCommandExecutor.java:83)
	at org.openqa.selenium.remote.RemoteWebDriver.execute(RemoteWebDriver.java:577)
	at org.openqa.selenium.remote.RemoteWebDriver.findElement(RemoteWebDriver.java:328)
	at org.openqa.selenium.remote.RemoteWebDriver.findElementByXPath(RemoteWebDriver.java:446)
	at org.openqa.selenium.By$ByXPath.findElement(By.java:353)
	at org.openqa.selenium.remote.RemoteWebDriver.findElement(RemoteWebDriver.java:320)
	at org.openqa.selenium.support.pagefactory.DefaultElementLocator.findElement(DefaultElementLocator.java:70)
	at org.openqa.selenium.support.pagefactory.internal.LocatingElementHandler.invoke(LocatingElementHandler.java:39)
	at com.sun.proxy.$Proxy16.sendKeys(Unknown Source)
	at com.Dome.Pages.FlipDetailsPage.enterPurchasePrice(FlipDetailsPage.java:89)
	at com.Dome.TestCases.tc_002_SubmitAPropertyProposal.enterPropertyDetails(tc_002_SubmitAPropertyProposal.java:122)
	at sun.reflect.NativeMethodAccessorImpl.invoke0(Native Method)
	at sun.reflect.NativeMethodAccessorImpl.invoke(Unknown Source)
	at sun.reflect.DelegatingMethodAccessorImpl.invoke(Unknown Source)
	at java.lang.reflect.Method.invoke(Unknown Source)
	at org.testng.internal.MethodInvocationHelper.invokeMethod(MethodInvocationHelper.java:86)
	at org.testng.internal.Invoker.invokeMethod(Invoker.java:645)
	at org.testng.internal.Invoker.invokeTestMethod(Invoker.java:822)
	at org.testng.internal.Invoker.invokeTestMethods(Invoker.java:1130)
	at org.testng.internal.TestMethodWorker.invokeTestMethods(TestMethodWorker.java:129)
	at org.testng.internal.TestMethodWorker.run(TestMethodWorker.java:112)
	at org.testng.TestRunner.privateRun(TestRunner.java:782)
	at org.testng.TestRunner.run(TestRunner.java:632)
	at org.testng.SuiteRunner.runTest(SuiteRunner.java:366)
	at org.testng.SuiteRunner.runSequentially(SuiteRunner.java:361)
	at org.testng.SuiteRunner.privateRun(SuiteRunner.java:319)
	at org.testng.SuiteRunner.run(SuiteRunner.java:268)
	at org.testng.SuiteRunnerWorker.runSuite(SuiteRunnerWorker.java:52)
	at org.testng.SuiteRunnerWorker.run(SuiteRunnerWorker.java:86)
	at org.testng.TestNG.runSuitesSequentially(TestNG.java:1244)
	at org.testng.TestNG.runSuitesLocally(TestNG.java:1169)
	at org.testng.TestNG.run(TestNG.java:1064)
	at org.testng.remote.RemoteTestNG.run(RemoteTestNG.java:113)
	at org.testng.remote.RemoteTestNG.initAndRun(RemoteTestNG.java:206)
	at org.testng.remote.RemoteTestNG.main(RemoteTestNG.java:177)
]]>
            </full-stacktrace>
          </exception> <!-- org.openqa.selenium.NoSuchElementException -->
          <reporter-output>
          </reporter-output>
        </test-method> <!-- enterPropertyDetails -->
        <test-method status="PASS" signature="getResult(org.testng.ITestResult)[pri:0, instance:com.Dome.TestCases.tc_002_SubmitAPropertyProposal@58ceff1]" name="getResult" is-config="true" duration-ms="208" started-at="2023-07-04T02:32:20Z" finished-at="2023-07-04T02:32:21Z">
          <params>
            <param index="0">
              <value>
                <![CDATA[[TestResult name=enterPropertyDetails status=FAILURE method=tc_002_SubmitAPropertyProposal.enterPropertyDetails(java.lang.String, java.lang.String, java.lang.String, java.lang.String, java.lang.String, java.lang.String, java.lang.String, java.lang.String, java.lang.String, java.lang.String, java.lang.String, java.lang.String, java.lang.String, java.lang.String, java.lang.String, java.lang.String, java.lang.String, java.lang.String, java.lang.String, java.lang.String, java.lang.String, java.lang.String, java.lang.String, java.lang.String, java.lang.String, java.lang.String, java.lang.String, java.lang.String, java.lang.String, java.lang.String, java.lang.String)[pri:2, instance:com.Dome.TestCases.tc_002_SubmitAPropertyProposal@58ceff1] output={null}]]]>
              </value>
            </param>
          </params>
          <reporter-output>
          </reporter-output>
        </test-method> <!-- getResult -->
        <test-method status="PASS" signature="tearDown()[pri:0, instance:com.Dome.TestCases.tc_002_SubmitAPropertyProposal@58ceff1]" name="tearDown" is-config="true" duration-ms="750" started-at="2023-07-04T02:32:21Z" finished-at="2023-07-04T02:32:21Z">
          <reporter-output>
          </reporter-output>
        </test-method> <!-- tearDown -->
        <test-method status="PASS" signature="openReport()[pri:0, instance:com.Dome.TestCases.tc_002_SubmitAPropertyProposal@58ceff1]" name="openReport" is-config="true" duration-ms="1195" started-at="2023-07-04T02:32:21Z" finished-at="2023-07-04T02:32:23Z">
          <reporter-output>
          </reporter-output>
        </test-method> <!-- openReport -->
      </class> <!-- com.Dome.TestCases.tc_002_SubmitAPropertyProposal -->
    </test> <!-- Dome-Flipper SubmitAPropertyProposal -->
  </suite> <!-- Dome-Flipper -->
</testng-results>
